2022-08-25 14:31:37,789 INFO o.a.j.u.JMeterUtils: Setting Locale to en_EN
2022-08-25 14:31:37,807 INFO o.a.j.JMeter: Loading user properties from: C:\Apps\apache-jmeter-5.4.1\bin\user.properties
2022-08-25 14:31:37,808 INFO o.a.j.JMeter: Loading system properties from: C:\Apps\apache-jmeter-5.4.1\bin\system.properties
2022-08-25 14:31:37,808 INFO o.a.j.JMeter: Setting System property: jmeter.protocol=http
2022-08-25 14:31:37,808 INFO o.a.j.JMeter: Setting System property: jmeter.serverName=192.168.0.206
2022-08-25 14:31:37,808 INFO o.a.j.JMeter: Setting System property: jmeter.serverPort=80
2022-08-25 14:31:37,808 INFO o.a.j.JMeter: Setting System property: jmeter.users=1
2022-08-25 14:31:37,808 INFO o.a.j.JMeter: Setting System property: jmeter.duration=1
2022-08-25 14:31:37,808 INFO o.a.j.JMeter: Setting System property: jmeter.startupDelay=1
2022-08-25 14:31:37,808 INFO o.a.j.JMeter: Setting System property: jmeter.rampup=1
2022-08-25 14:31:37,808 INFO o.a.j.JMeter: Setting System property: jmeter.randomDelay=0
2022-08-25 14:31:37,808 INFO o.a.j.JMeter: Setting System property: jmeter.constantDelay=0
2022-08-25 14:31:37,808 INFO o.a.j.JMeter: Setting System property: jmeter.basedir=../../..
2022-08-25 14:31:37,809 INFO o.a.j.JMeter: Setting System property: jmeter.loopCount=1
2022-08-25 14:31:37,809 INFO o.a.j.JMeter: Setting System property: jmeter.debug=false
2022-08-25 14:31:37,809 INFO o.a.j.JMeter: Setting System property: jmeter.userSessionLoopCount=1
2022-08-25 14:31:37,815 INFO o.a.j.JMeter: Copyright (c) 1998-2021 The Apache Software Foundation
2022-08-25 14:31:37,815 INFO o.a.j.JMeter: Version 5.4.1
2022-08-25 14:31:37,816 INFO o.a.j.JMeter: java.version=11.0.15
2022-08-25 14:31:37,816 INFO o.a.j.JMeter: java.vm.name=Java HotSpot(TM) 64-Bit Server VM
2022-08-25 14:31:37,816 INFO o.a.j.JMeter: os.name=Windows 10
2022-08-25 14:31:37,816 INFO o.a.j.JMeter: os.arch=amd64
2022-08-25 14:31:37,816 INFO o.a.j.JMeter: os.version=10.0
2022-08-25 14:31:37,816 INFO o.a.j.JMeter: file.encoding=Cp1252
2022-08-25 14:31:37,816 INFO o.a.j.JMeter: java.awt.headless=null
2022-08-25 14:31:37,816 INFO o.a.j.JMeter: Max memory     =1610612736
2022-08-25 14:31:37,816 INFO o.a.j.JMeter: Available Processors =6
2022-08-25 14:31:37,824 INFO o.a.j.JMeter: Default Locale=English (EN)
2022-08-25 14:31:37,824 INFO o.a.j.JMeter: JMeter  Locale=English (EN)
2022-08-25 14:31:37,825 INFO o.a.j.JMeter: JMeterHome=C:\Apps\apache-jmeter-5.4.1
2022-08-25 14:31:37,825 INFO o.a.j.JMeter: user.dir  =D:\devi\jmeter\JMeter-API-Main_Template-v0.2\Login
2022-08-25 14:31:37,825 INFO o.a.j.JMeter: PWD       =D:\devi\jmeter\JMeter-API-Main_Template-v0.2\Login
2022-08-25 14:31:37,826 INFO o.a.j.JMeter: IP: 192.168.0.45 Name: DESKTOP-NHVP6MN FullName: DESKTOP-NHVP6MN
2022-08-25 14:31:37,939 INFO o.a.j.JMeter: Setting LAF to: laf:com.sun.java.swing.plaf.windows.WindowsClassicLookAndFeel
2022-08-25 14:31:38,154 INFO o.a.j.JMeter: Loaded icon properties from org/apache/jmeter/images/icon.properties
2022-08-25 14:31:39,402 INFO o.a.j.JMeter: Loading file: scripts\instant-token.jmx
2022-08-25 14:31:39,404 INFO o.a.j.s.FileServer: Default base='D:\devi\jmeter\JMeter-API-Main_Template-v0.2\Login'
2022-08-25 14:31:39,405 INFO o.a.j.s.FileServer: Set new base='D:\devi\jmeter\JMeter-API-Main_Template-v0.2\Login\scripts'
2022-08-25 14:31:39,579 INFO o.a.j.s.SaveService: Testplan (JMX) version: 2.2. Testlog (JTL) version: 2.2
2022-08-25 14:31:39,592 INFO o.a.j.s.SaveService: Using SaveService properties version 5.0
2022-08-25 14:31:39,594 INFO o.a.j.s.SaveService: Using SaveService properties file encoding UTF-8
2022-08-25 14:31:39,596 INFO o.a.j.s.SaveService: Loading file: scripts\instant-token.jmx
2022-08-25 14:31:39,616 INFO o.a.j.p.h.s.HTTPSamplerBase: Parser for text/html is org.apache.jmeter.protocol.http.parser.LagartoBasedHtmlParser
2022-08-25 14:31:39,616 INFO o.a.j.p.h.s.HTTPSamplerBase: Parser for application/xhtml+xml is org.apache.jmeter.protocol.http.parser.LagartoBasedHtmlParser
2022-08-25 14:31:39,616 INFO o.a.j.p.h.s.HTTPSamplerBase: Parser for application/xml is org.apache.jmeter.protocol.http.parser.LagartoBasedHtmlParser
2022-08-25 14:31:39,617 INFO o.a.j.p.h.s.HTTPSamplerBase: Parser for text/xml is org.apache.jmeter.protocol.http.parser.LagartoBasedHtmlParser
2022-08-25 14:31:39,617 INFO o.a.j.p.h.s.HTTPSamplerBase: Parser for text/vnd.wap.wml is org.apache.jmeter.protocol.http.parser.RegexpHTMLParser
2022-08-25 14:31:39,617 INFO o.a.j.p.h.s.HTTPSamplerBase: Parser for text/css is org.apache.jmeter.protocol.http.parser.CssParser
2022-08-25 14:31:39,644 INFO o.a.j.s.FileServer: Set new base='D:\devi\jmeter\JMeter-API-Main_Template-v0.2\Login\scripts'
2022-08-25 14:31:39,790 INFO o.a.j.s.SampleResult: Note: Sample TimeStamps are START times
2022-08-25 14:31:39,790 INFO o.a.j.s.SampleResult: sampleresult.default.encoding is set to ISO-8859-1
2022-08-25 14:31:39,790 INFO o.a.j.s.SampleResult: sampleresult.useNanoTime=true
2022-08-25 14:31:39,790 INFO o.a.j.s.SampleResult: sampleresult.nanoThreadSleep=5000
2022-08-25 14:31:39,920 INFO o.a.j.v.ViewResultsFullVisualizer: Add JavaFX to your Java installation if you want to use renderer: org.apache.jmeter.visualizers.RenderInBrowser
